Running map_barcodes 0
Running map_barcodes 1
Running map_barcodes 2
Running map_barcodes 3
Running map_barcodes 4
Running map_barcodes 5
Ran 100000
Ran 200000
Ran 300000
Ran 400000
Ran 500000
Ran 600000
Ran 700000
Ran 800000
Ran 900000
Ran 1000000
Ran 1100000
Ran 1200000
Ran 1300000
Ran 1400000
Ran 1500000
Ran 1600000
Ran 1700000
Ran 1800000
Ran 1900000
Ran 2000000
Ran 2100000
Ran 2200000
Ran 2300000
Ran 2400000
Ran 2500000
Ran 2600000
Ran 2700000
Ran 2800000
Ran 2900000
Ran 3000000
Ran 3100000
Ran 3200000
Ran 3300000
Ran 3400000
Ran 3500000
Ran 3600000
Ran 3700000
Ran 3800000
Ran 3900000
Ran 4000000
Ran 4100000
Ran 4200000
Ran 4300000
Ran 4400000
Ran 4500000
Ran 4600000
Ran 4700000
Ran 4800000
Ran 4900000
Ran 5000000
Ran 5100000
Ran 5200000
Ran 5300000
Ran 5400000
Ran 5500000
Ran 5600000
Ran 5700000
Ran 5800000
Ran 5900000
Ran 6000000
Ran 6100000
Ran 6200000
Ran 6300000
Ran 6400000
Ran 6500000
Ran 6600000
Ran 6700000
Ran 6800000
Ran 6900000
Ran 7000000
Ran 7100000
Ran 7200000
Ran 7300000
Ran 7400000
Ran 7500000
Ran 7600000
Ran 7700000
Ran 7800000
Ran 7900000
Ran 8000000
Ran 8100000
Ran 8200000
Ran 8300000
Ran 8400000
There were 414793 unmatched reads.
Ran 100000
Ran 200000
Ran 300000
Ran 400000
Ran 500000
Ran 600000
Ran 700000
Ran 800000
Ran 900000
Ran 1000000
Ran 1100000
Ran 1200000
Ran 1300000
Ran 1400000
Ran 1500000
Ran 1600000
Ran 1700000
Ran 1800000
Ran 1900000
Ran 2000000
Ran 2100000
Ran 2200000
Ran 2300000
Ran 2400000
Ran 2500000
Ran 2600000
Ran 2700000
Ran 2800000
Ran 2900000
Ran 3000000
Ran 3100000
Ran 3200000
Ran 3300000
Ran 3400000
Ran 3500000
Ran 3600000
Ran 3700000
Ran 3800000
Ran 3900000
Ran 4000000
Ran 4100000
Ran 4200000
Ran 4300000
Ran 4400000
Ran 4500000
Ran 4600000
Ran 4700000
Ran 4800000
Ran 4900000
Ran 5000000
Ran 5100000
Ran 5200000
Ran 5300000
Ran 5400000
Ran 5500000
Ran 5600000
Ran 5700000
Ran 5800000
Ran 5900000
Ran 6000000
Ran 6100000
Ran 6200000
Ran 6300000
Ran 6400000
Ran 6500000
Ran 6600000
Ran 6700000
Ran 6800000
Ran 6900000
Ran 7000000
Ran 7100000
Ran 7200000
Ran 7300000
Ran 7400000
Ran 7500000
Ran 7600000
Ran 7700000
Ran 7800000
Ran 7900000
Ran 8000000
Ran 8100000
Ran 8200000
Ran 8300000
Ran 8400000
Ran 8500000
Ran 8600000
Ran 8700000
Ran 8800000
Ran 8900000
Ran 9000000
Ran 9100000
Ran 9200000
Ran 9300000
There were 479438 unmatched reads.
Ran 100000
Ran 200000
Ran 300000
Ran 400000
Ran 500000
Ran 600000
Ran 700000
Ran 800000
Ran 900000
Ran 1000000
Ran 1100000
Ran 1200000
Ran 1300000
Ran 1400000
Ran 1500000
Ran 1600000
Ran 1700000
Ran 1800000
Ran 1900000
Ran 2000000
Ran 2100000
Ran 2200000
Ran 2300000
Ran 2400000
Ran 2500000
Ran 2600000
Ran 2700000
Ran 2800000
Ran 2900000
Ran 3000000
Ran 3100000
Ran 3200000
Ran 3300000
Ran 3400000
Ran 3500000
Ran 3600000
Ran 3700000
Ran 3800000
Ran 3900000
Ran 4000000
Ran 4100000
Ran 4200000
Ran 4300000
Ran 4400000
Ran 4500000
Ran 4600000
Ran 4700000
Ran 4800000
Ran 4900000
Ran 5000000
Ran 5100000
Ran 5200000
Ran 5300000
Ran 5400000
Ran 5500000
Ran 5600000
Ran 5700000
Ran 5800000
Ran 5900000
Ran 6000000
Ran 6100000
Ran 6200000
Ran 6300000
Ran 6400000
Ran 6500000
Ran 6600000
Ran 6700000
Ran 6800000
Ran 6900000
Ran 7000000
Ran 7100000
Ran 7200000
Ran 7300000
Ran 7400000
Ran 7500000
Ran 7600000
Ran 7700000
Ran 7800000
Ran 7900000
Ran 8000000
Ran 8100000
Ran 8200000
Ran 8300000
Ran 8400000
Ran 8500000
Ran 8600000
Ran 8700000
Ran 8800000
Ran 8900000
Ran 9000000
There were 488080 unmatched reads.
Ran 100000
Ran 200000
Ran 300000
Ran 400000
Ran 500000
Ran 600000
Ran 700000
Ran 800000
Ran 900000
Ran 1000000
Ran 1100000
Ran 1200000
Ran 1300000
Ran 1400000
Ran 1500000
Ran 1600000
Ran 1700000
Ran 1800000
Ran 1900000
Ran 2000000
Ran 2100000
Ran 2200000
Ran 2300000
Ran 2400000
Ran 2500000
Ran 2600000
Ran 2700000
Ran 2800000
Ran 2900000
Ran 3000000
Ran 3100000
Ran 3200000
Ran 3300000
Ran 3400000
Ran 3500000
Ran 3600000
Ran 3700000
Ran 3800000
Ran 3900000
Ran 4000000
Ran 4100000
Ran 4200000
Ran 4300000
Ran 4400000
Ran 4500000
Ran 4600000
Ran 4700000
Ran 4800000
Ran 4900000
Ran 5000000
Ran 5100000
Ran 5200000
Ran 5300000
Ran 5400000
Ran 5500000
Ran 5600000
Ran 5700000
Ran 5800000
Ran 5900000
Ran 6000000
Ran 6100000
Ran 6200000
Ran 6300000
Ran 6400000
Ran 6500000
Ran 6600000
Ran 6700000
Ran 6800000
Ran 6900000
Ran 7000000
Ran 7100000
Ran 7200000
Ran 7300000
Ran 7400000
Ran 7500000
Ran 7600000
Ran 7700000
Ran 7800000
Ran 7900000
Ran 8000000
Ran 8100000
Ran 8200000
Ran 8300000
Ran 8400000
Ran 8500000
Ran 8600000
Ran 8700000
Ran 8800000
Ran 8900000
Ran 9000000
Ran 9100000
Ran 9200000
Ran 9300000
Ran 9400000
Ran 9500000
Ran 9600000
Ran 9700000
Ran 9800000
Ran 9900000
Ran 10000000
Ran 10100000
Ran 10200000
There were 518452 unmatched reads.
Ran 100000
Ran 200000
Ran 300000
Ran 400000
Ran 500000
Ran 600000
Ran 700000
Ran 800000
Ran 900000
Ran 1000000
Ran 1100000
Ran 1200000
Ran 1300000
Ran 1400000
Ran 1500000
Ran 1600000
Ran 1700000
Ran 1800000
Ran 1900000
Ran 2000000
Ran 2100000
Ran 2200000
Ran 2300000
Ran 2400000
Ran 2500000
Ran 2600000
Ran 2700000
Ran 2800000
Ran 2900000
Ran 3000000
Ran 3100000
Ran 3200000
Ran 3300000
Ran 3400000
Ran 3500000
Ran 3600000
Ran 3700000
Ran 3800000
Ran 3900000
Ran 4000000
Ran 4100000
Ran 4200000
Ran 4300000
Ran 4400000
Ran 4500000
Ran 4600000
Ran 4700000
Ran 4800000
Ran 4900000
Ran 5000000
Ran 5100000
Ran 5200000
Ran 5300000
Ran 5400000
Ran 5500000
Ran 5600000
Ran 5700000
Ran 5800000
Ran 5900000
Ran 6000000
Ran 6100000
Ran 6200000
Ran 6300000
Ran 6400000
Ran 6500000
Ran 6600000
Ran 6700000
Ran 6800000
Ran 6900000
Ran 7000000
Ran 7100000
Ran 7200000
Ran 7300000
Ran 7400000
Ran 7500000
Ran 7600000
Ran 7700000
Ran 7800000
Ran 7900000
Ran 8000000
Ran 8100000
Ran 8200000
Ran 8300000
Ran 8400000
Ran 8500000
Ran 8600000
Ran 8700000
Ran 8800000
Ran 8900000
Ran 9000000
Ran 9100000
Ran 9200000
Ran 9300000
Ran 9400000
Ran 9500000
Ran 9600000
Ran 9700000
Ran 9800000
Ran 9900000
Ran 10000000
Ran 10100000
Ran 10200000
Ran 10300000
Ran 10400000
Ran 10500000
Ran 10600000
There were 540058 unmatched reads.
Ran 100000
Ran 200000
Ran 300000
Ran 400000
Ran 500000
Ran 600000
Ran 700000
Ran 800000
Ran 900000
Ran 1000000
Ran 1100000
Ran 1200000
Ran 1300000
Ran 1400000
Ran 1500000
Ran 1600000
Ran 1700000
Ran 1800000
Ran 1900000
Ran 2000000
Ran 2100000
Ran 2200000
Ran 2300000
Ran 2400000
Ran 2500000
Ran 2600000
Ran 2700000
Ran 2800000
Ran 2900000
Ran 3000000
Ran 3100000
Ran 3200000
Ran 3300000
Ran 3400000
Ran 3500000
Ran 3600000
Ran 3700000
Ran 3800000
Ran 3900000
Ran 4000000
Ran 4100000
Ran 4200000
Ran 4300000
Ran 4400000
Ran 4500000
Ran 4600000
Ran 4700000
Ran 4800000
Ran 4900000
Ran 5000000
Ran 5100000
Ran 5200000
Ran 5300000
Ran 5400000
Ran 5500000
Ran 5600000
Ran 5700000
Ran 5800000
Ran 5900000
Ran 6000000
Ran 6100000
Ran 6200000
Ran 6300000
Ran 6400000
Ran 6500000
Ran 6600000
Ran 6700000
Ran 6800000
Ran 6900000
Ran 7000000
Ran 7100000
Ran 7200000
Ran 7300000
Ran 7400000
Ran 7500000
Ran 7600000
Ran 7700000
Ran 7800000
Ran 7900000
Ran 8000000
Ran 8100000
Ran 8200000
Ran 8300000
Ran 8400000
Ran 8500000
Ran 8600000
Ran 8700000
Ran 8800000
Ran 8900000
Ran 9000000
Ran 9100000
Ran 9200000
Ran 9300000
Ran 9400000
Ran 9500000
Ran 9600000
Ran 9700000
Ran 9800000
Ran 9900000
Ran 10000000
Ran 10100000
Ran 10200000
Ran 10300000
Ran 10400000
Ran 10500000
Ran 10600000
Ran 10700000
Ran 10800000
Ran 10900000
Ran 11000000
Ran 11100000
Ran 11200000
Ran 11300000
Ran 11400000
Ran 11500000
Ran 11600000
There were 571855 unmatched reads.
Running freqs 0
Traceback (most recent call last):
  File "run.py", line 59, in <module>
    sys.exit(main(parser.parse_args()))
  File "run.py", line 52, in main
    run(pynd_indices)
  File "run.py", line 45, in run
    result = counts.calc_mutant_freqs(fastqs[i], library, freqs_outputs[i]) 
  File "/data/pynd/pynd-pubs/src/count_per_allele.py", line 11, in calc_mutant_freqs
    read = read.get_barcode_rev_comp()
AttributeError: 'str' object has no attribute 'get_barcode_rev_comp'
